{"uid":"197fbd3a88e2da1a","name":"test_filters_old_ftl_lke[lke]","fullName":"tests.test_filter_old_ftl#test_filters_old_ftl_lke","historyId":"d3f1cce648f396f1ffd3da86bc504d1e","time":{"start":1742232986946,"stop":1742232988576,"duration":1630},"description":"ЛКЭ, Тестирование фильтров активных ФТЛ","descriptionHtml":"<p>ЛКЭ, Тестирование фильтров активных ФТЛ</p>\n","status":"failed","statusMessage":"AssertionError: Expected text '25-13-2447' to be present on the page, but it was not found.","statusTrace":"base_fixture = (<base.base_class.Base object at 0x000001B42E6F7E00>, <pages.sidebar.SideBar object at 0x000001B42E6F7320>), domain = 'com'\n\n    @allure.story(\"Extended path test\")\n    @allure.feature('Фильтры старых рейсов')\n    @allure.description('ЛКЭ, Тестирование фильтров активных ФТЛ')\n    @pytest.mark.parametrize('base_fixture', ['lke'], indirect=True)  # Параметризация роли\n    def test_filters_old_ftl_lke(base_fixture, domain):\n        # Инициализация базовых объектов через фикстуру\n    \n        base, sidebar = base_fixture\n        sidebar.move_and_click(move_to=sidebar.requests_hover, click_to=sidebar.ftl_active_list_button,\n                               do_assert=True, wait=\"lst\")\n    \n        add = OldFilters(base.driver)\n        # фильтр номер заявки\n        add.click_button(add.clear)\n        add.input_in_field(add.application_number, \"13\")\n>       add.verify_text_on_page(\"25-13-2447\")\n\ntests\\test_filter_old_ftl.py:22: \n_ _ _ _ _ _ _ _ _ _ _ _ _ _ _ _ _ _ _ _ _ _ _ _ _ _ _ _ _ _ _ _ _ _ _ _ _ _ _ _ _ _ _ _ _ _ _ _ _ _ _ _ _ _ _ _ _ _ _ _ _ _ _ _ _ _ _ _ _ _ _ _ _ _ _ _ _ _ _ _ _ _ _ _ _ _ _ _ _ _ _ _ _ _ _ _ _ _ _ _ _ _ _ _ _ _ _ _ _ _ _ _ _ _ _ _ _ _ _ _ _ _ _ _ _ _ _ _ _ _ _ _ _ _ _ _ _ _ _ _ _ _ _ _ _ _ _ _ _ _ _ _ _ _\n\nself = <pages.filters_old_order_page.OldFilters object at 0x000001B42E6FB2C0>, text = '25-13-2447', should_exist = True\n\n    def verify_text_on_page(self, text: str, should_exist: bool = True) -> None:\n        \"\"\"\n        Проверяет наличие или отсутствие заданного текста на всей странице.\n    \n        Parameters\n        ----------\n        text : str\n            Текст для поиска на странице.\n        should_exist : bool, optional\n            Если True, проверяет, что текст присутствует на странице.\n            Если False, проверяет, что текст отсутствует на странице. По умолчанию True.\n    \n        Raises\n        ------\n        AssertionError\n            Если текст не найден при should_exist=True или найден при should_exist=False.\n        \"\"\"\n        # Формируем сообщение для шага Allure и вывода в консоль\n        message = f\"Verify that text '{text}' is {'present' if should_exist else 'absent'} on the page\"\n    \n        with allure.step(message):\n            page_source = self.driver.page_source\n            text_found = text in page_source\n    \n            if should_exist:\n>               assert text_found, f\"Expected text '{text}' to be present on the page, but it was not found.\"\nE               AssertionError: Expected text '25-13-2447' to be present on the page, but it was not found.\n\nbase\\base_class.py:273: AssertionError","flaky":false,"newFailed":false,"newBroken":false,"newPassed":false,"retriesCount":1,"retriesStatusChange":false,"beforeStages":[{"name":"_session_faker","time":{"start":1742228670612,"stop":1742228670613,"duration":1},"status":"passed","steps":[],"attachments":[],"parameters":[],"hasContent":false,"attachmentStep":false,"stepsCount":0,"attachmentsCount":0,"shouldDisplayMessage":false},{"name":"domain","time":{"start":1742232975365,"stop":1742232975365,"duration":0},"status":"passed","steps":[],"attachments":[],"parameters":[],"hasContent":false,"attachmentStep":false,"stepsCount":0,"attachmentsCount":0,"shouldDisplayMessage":false},{"name":"base_fixture","time":{"start":1742232975365,"stop":1742232986946,"duration":11581},"status":"passed","steps":[{"name":"Start test","time":{"start":1742232976470,"stop":1742232976470,"duration":0},"status":"passed","steps":[],"attachments":[],"parameters":[],"hasContent":false,"attachmentStep":false,"stepsCount":0,"attachmentsCount":0,"shouldDisplayMessage":false},{"name":"Current url: https://enter.vezubr.com/login","time":{"start":1742232980092,"stop":1742232980092,"duration":0},"status":"passed","steps":[],"attachments":[],"parameters":[],"hasContent":false,"attachmentStep":false,"stepsCount":0,"attachmentsCount":0,"shouldDisplayMessage":false},{"name":"Input in user_email_input: ***","time":{"start":1742232980126,"stop":1742232980243,"duration":117},"status":"passed","steps":[],"attachments":[],"parameters":[],"hasContent":false,"attachmentStep":false,"stepsCount":0,"attachmentsCount":0,"shouldDisplayMessage":false},{"name":"Input in password_input: ***","time":{"start":1742232980243,"stop":1742232980334,"duration":91},"status":"passed","steps":[],"attachments":[],"parameters":[],"hasContent":false,"attachmentStep":false,"stepsCount":0,"attachmentsCount":0,"shouldDisplayMessage":false},{"name":"Click on login_button","time":{"start":1742232980334,"stop":1742232980417,"duration":83},"status":"passed","steps":[],"attachments":[],"parameters":[],"hasContent":false,"attachmentStep":false,"stepsCount":0,"attachmentsCount":0,"shouldDisplayMessage":false},{"name":"Click on sidebar_button","time":{"start":1742232980417,"stop":1742232986946,"duration":6529},"status":"passed","steps":[],"attachments":[],"parameters":[],"hasContent":false,"attachmentStep":false,"stepsCount":0,"attachmentsCount":0,"shouldDisplayMessage":false}],"attachments":[],"parameters":[],"hasContent":true,"attachmentStep":false,"stepsCount":6,"attachmentsCount":0,"shouldDisplayMessage":false}],"testStage":{"description":"ЛКЭ, Тестирование фильтров активных ФТЛ","status":"failed","statusMessage":"AssertionError: Expected text '25-13-2447' to be present on the page, but it was not found.","statusTrace":"base_fixture = (<base.base_class.Base object at 0x000001B42E6F7E00>, <pages.sidebar.SideBar object at 0x000001B42E6F7320>), domain = 'com'\n\n    @allure.story(\"Extended path test\")\n    @allure.feature('Фильтры старых рейсов')\n    @allure.description('ЛКЭ, Тестирование фильтров активных ФТЛ')\n    @pytest.mark.parametrize('base_fixture', ['lke'], indirect=True)  # Параметризация роли\n    def test_filters_old_ftl_lke(base_fixture, domain):\n        # Инициализация базовых объектов через фикстуру\n    \n        base, sidebar = base_fixture\n        sidebar.move_and_click(move_to=sidebar.requests_hover, click_to=sidebar.ftl_active_list_button,\n                               do_assert=True, wait=\"lst\")\n    \n        add = OldFilters(base.driver)\n        # фильтр номер заявки\n        add.click_button(add.clear)\n        add.input_in_field(add.application_number, \"13\")\n>       add.verify_text_on_page(\"25-13-2447\")\n\ntests\\test_filter_old_ftl.py:22: \n_ _ _ _ _ _ _ _ _ _ _ _ _ _ _ _ _ _ _ _ _ _ _ _ _ _ _ _ _ _ _ _ _ _ _ _ _ _ _ _ _ _ _ _ _ _ _ _ _ _ _ _ _ _ _ _ _ _ _ _ _ _ _ _ _ _ _ _ _ _ _ _ _ _ _ _ _ _ _ _ _ _ _ _ _ _ _ _ _ _ _ _ _ _ _ _ _ _ _ _ _ _ _ _ _ _ _ _ _ _ _ _ _ _ _ _ _ _ _ _ _ _ _ _ _ _ _ _ _ _ _ _ _ _ _ _ _ _ _ _ _ _ _ _ _ _ _ _ _ _ _ _ _ _\n\nself = <pages.filters_old_order_page.OldFilters object at 0x000001B42E6FB2C0>, text = '25-13-2447', should_exist = True\n\n    def verify_text_on_page(self, text: str, should_exist: bool = True) -> None:\n        \"\"\"\n        Проверяет наличие или отсутствие заданного текста на всей странице.\n    \n        Parameters\n        ----------\n        text : str\n            Текст для поиска на странице.\n        should_exist : bool, optional\n            Если True, проверяет, что текст присутствует на странице.\n            Если False, проверяет, что текст отсутствует на странице. По умолчанию True.\n    \n        Raises\n        ------\n        AssertionError\n            Если текст не найден при should_exist=True или найден при should_exist=False.\n        \"\"\"\n        # Формируем сообщение для шага Allure и вывода в консоль\n        message = f\"Verify that text '{text}' is {'present' if should_exist else 'absent'} on the page\"\n    \n        with allure.step(message):\n            page_source = self.driver.page_source\n            text_found = text in page_source\n    \n            if should_exist:\n>               assert text_found, f\"Expected text '{text}' to be present on the page, but it was not found.\"\nE               AssertionError: Expected text '25-13-2447' to be present on the page, but it was not found.\n\nbase\\base_class.py:273: AssertionError","steps":[{"name":"Move to requests_hover","time":{"start":1742232986946,"stop":1742232987319,"duration":373},"status":"passed","steps":[],"attachments":[],"parameters":[],"hasContent":false,"attachmentStep":false,"stepsCount":0,"attachmentsCount":0,"shouldDisplayMessage":false},{"name":"Click on ftl_active_list_button","time":{"start":1742232987421,"stop":1742232988271,"duration":850},"status":"passed","steps":[{"name":"Assert \"Активные заявки\" == \"Активные заявки\"","time":{"start":1742232988271,"stop":1742232988271,"duration":0},"status":"passed","steps":[],"attachments":[],"parameters":[],"hasContent":false,"attachmentStep":false,"stepsCount":0,"attachmentsCount":0,"shouldDisplayMessage":false}],"attachments":[],"parameters":[],"hasContent":true,"attachmentStep":false,"stepsCount":1,"attachmentsCount":0,"shouldDisplayMessage":false},{"name":"Click on clear","time":{"start":1742232988271,"stop":1742232988420,"duration":149},"status":"passed","steps":[],"attachments":[],"parameters":[],"hasContent":false,"attachmentStep":false,"stepsCount":0,"attachmentsCount":0,"shouldDisplayMessage":false},{"name":"Input in application_number: 13","time":{"start":1742232988420,"stop":1742232988531,"duration":111},"status":"passed","steps":[],"attachments":[],"parameters":[],"hasContent":false,"attachmentStep":false,"stepsCount":0,"attachmentsCount":0,"shouldDisplayMessage":false},{"name":"Verify that text '25-13-2447' is present on the page","time":{"start":1742232988531,"stop":1742232988576,"duration":45},"status":"failed","statusMessage":"AssertionError: Expected text '25-13-2447' to be present on the page, but it was not found.\n","statusTrace":"  File \"C:\\Users\\l2new\\PycharmProjects\\Vezubr_Autotests\\base\\base_class.py\", line 273, in verify_text_on_page\n    assert text_found, f\"Expected text '{text}' to be present on the page, but it was not found.\"\n           ^^^^^^^^^^\n","steps":[],"attachments":[],"parameters":[],"hasContent":true,"attachmentStep":false,"stepsCount":0,"attachmentsCount":0,"shouldDisplayMessage":true},{"name":"Screen taken: tests_test_filter_old_ftl.py_test_filters_old_ftl_lke[lke]_2025.03.17.17.36.28.png","time":{"start":1742232989086,"stop":1742232989087,"duration":1},"status":"passed","steps":[],"attachments":[{"uid":"d6befcb230bca3fb","name":"Screenshot","source":"d6befcb230bca3fb.png","type":"image/png","size":87546}],"parameters":[],"hasContent":true,"attachmentStep":false,"stepsCount":0,"attachmentsCount":1,"shouldDisplayMessage":false}],"attachments":[],"parameters":[],"hasContent":true,"attachmentStep":false,"stepsCount":7,"attachmentsCount":1,"shouldDisplayMessage":true},"afterStages":[{"name":"base_fixture::0","time":{"start":1742232989088,"stop":1742232991298,"duration":2210},"status":"passed","steps":[{"name":"Test finish","time":{"start":1742232989088,"stop":1742232991298,"duration":2210},"status":"passed","steps":[],"attachments":[],"parameters":[],"hasContent":false,"attachmentStep":false,"stepsCount":0,"attachmentsCount":0,"shouldDisplayMessage":false}],"attachments":[],"parameters":[],"hasContent":true,"attachmentStep":false,"stepsCount":1,"attachmentsCount":0,"shouldDisplayMessage":false}],"labels":[{"name":"story","value":"Extended path test"},{"name":"feature","value":"Фильтры старых рейсов"},{"name":"parentSuite","value":"tests"},{"name":"suite","value":"test_filter_old_ftl"},{"name":"host","value":"FirexPC"},{"name":"thread","value":"22408-MainThread"},{"name":"framework","value":"pytest"},{"name":"language","value":"cpython3"},{"name":"package","value":"tests.test_filter_old_ftl"},{"name":"resultFormat","value":"allure2"}],"parameters":[{"name":"base_fixture","value":"'lke'"}],"links":[],"hidden":false,"retry":false,"extra":{"severity":"normal","retries":[{"uid":"9b0e8341098a42d7","status":"failed","statusDetails":"AssertionError: Expected text '25-13-2447' to be present on the page, but it was not found.","time":{"start":1741544281009,"stop":1741544283757,"duration":2748}}],"categories":[{"name":"Product defects","matchedStatuses":[],"flaky":false}],"tags":[]},"source":"197fbd3a88e2da1a.json","parameterValues":["'lke'"]}